<?xml version="1.0" encoding="UTF-8"?>
<testsuite name="com.gs.ci.ciwithdocker.CiwithdockerApplicationTests" tests="1" skipped="0" failures="0" errors="0" timestamp="2021-06-10T12:32:20" hostname="DESKTOP-8SQDFC7" time="0.614">
  <properties/>
  <testcase name="contextLoads()" classname="com.gs.ci.ciwithdocker.CiwithdockerApplicationTests" time="0.614"/>
  <system-out><![CDATA[18:02:15.253 [Test worker] DEBUG org.springframework.test.context.BootstrapUtils - Instantiating CacheAwareContextLoaderDelegate from class [org.springframework.test.context.cache.DefaultCacheAwareContextLoaderDelegate]
18:02:15.290 [Test worker] DEBUG org.springframework.test.context.BootstrapUtils - Instantiating BootstrapContext using constructor [public org.springframework.test.context.support.DefaultBootstrapContext(java.lang.Class,org.springframework.test.context.CacheAwareContextLoaderDelegate)]
18:02:15.383 [Test worker] DEBUG org.springframework.test.context.BootstrapUtils - Instantiating TestContextBootstrapper for test class [com.gs.ci.ciwithdocker.CiwithdockerApplicationTests] from class [org.springframework.boot.test.context.SpringBootTestContextBootstrapper]
18:02:15.403 [Test worker] INFO org.springframework.boot.test.context.SpringBootTestContextBootstrapper - Neither @ContextConfiguration nor @ContextHierarchy found for test class [com.gs.ci.ciwithdocker.CiwithdockerApplicationTests], using SpringBootContextLoader
18:02:15.411 [Test worker] DEBUG org.springframework.test.context.support.AbstractContextLoader - Did not detect default resource location for test class [com.gs.ci.ciwithdocker.CiwithdockerApplicationTests]: class path resource [com/gs/ci/ciwithdocker/CiwithdockerApplicationTests-context.xml] does not exist
18:02:15.412 [Test worker] DEBUG org.springframework.test.context.support.AbstractContextLoader - Did not detect default resource location for test class [com.gs.ci.ciwithdocker.CiwithdockerApplicationTests]: class path resource [com/gs/ci/ciwithdocker/CiwithdockerApplicationTestsContext.groovy] does not exist
18:02:15.412 [Test worker] INFO org.springframework.test.context.support.AbstractContextLoader - Could not detect default resource locations for test class [com.gs.ci.ciwithdocker.CiwithdockerApplicationTests]: no resource found for suffixes {-context.xml, Context.groovy}.
18:02:15.413 [Test worker] INFO org.springframework.test.context.support.AnnotationConfigContextLoaderUtils - Could not detect default configuration classes for test class [com.gs.ci.ciwithdocker.CiwithdockerApplicationTests]: CiwithdockerApplicationTests does not declare any static, non-private, non-final, nested classes annotated with @Configuration.
18:02:15.498 [Test worker] DEBUG org.springframework.test.context.support.ActiveProfilesUtils - Could not find an 'annotation declaring class' for annotation type [org.springframework.test.context.ActiveProfiles] and class [com.gs.ci.ciwithdocker.CiwithdockerApplicationTests]
18:02:15.628 [Test worker] DEBUG org.springframework.context.annotation.ClassPathScanningCandidateComponentProvider - Identified candidate component class: file [C:\Users\ht\IdeaProjects\ciwithdocker\build\classes\java\main\com\gs\ci\ciwithdocker\CiwithdockerApplication.class]
18:02:15.670 [Test worker] INFO org.springframework.boot.test.context.SpringBootTestContextBootstrapper - Found @SpringBootConfiguration com.gs.ci.ciwithdocker.CiwithdockerApplication for test class com.gs.ci.ciwithdocker.CiwithdockerApplicationTests
18:02:15.948 [Test worker] DEBUG org.springframework.boot.test.context.SpringBootTestContextBootstrapper - @TestExecutionListeners is not present for class [com.gs.ci.ciwithdocker.CiwithdockerApplicationTests]: using defaults.
18:02:15.949 [Test worker] INFO org.springframework.boot.test.context.SpringBootTestContextBootstrapper - Loaded default TestExecutionListener class names from location [META-INF/spring.factories]: [org.springframework.boot.test.autoconfigure.restdocs.RestDocsTestExecutionListener, org.springframework.boot.test.autoconfigure.web.client.MockRestServiceServerResetTestExecutionListener, org.springframework.boot.test.autoconfigure.web.servlet.MockMvcPrintOnlyOnFailureTestExecutionListener, org.springframework.boot.test.autoconfigure.web.servlet.WebDriverTestExecutionListener, org.springframework.boot.test.autoconfigure.webservices.client.MockWebServiceServerTestExecutionListener, org.springframework.boot.test.mock.mockito.MockitoTestExecutionListener, org.springframework.boot.test.mock.mockito.ResetMocksTestExecutionListener, org.springframework.test.context.web.ServletTestExecutionListener, org.springframework.test.context.support.DirtiesContextBeforeModesTestExecutionListener, org.springframework.test.context.event.ApplicationEventsTestExecutionListener, org.springframework.test.context.support.DependencyInjectionTestExecutionListener, org.springframework.test.context.support.DirtiesContextTestExecutionListener, org.springframework.test.context.transaction.TransactionalTestExecutionListener, org.springframework.test.context.jdbc.SqlScriptsTestExecutionListener, org.springframework.test.context.event.EventPublishingTestExecutionListener]
18:02:15.979 [Test worker] DEBUG org.springframework.boot.test.context.SpringBootTestContextBootstrapper - Skipping candidate TestExecutionListener [org.springframework.test.context.transaction.TransactionalTestExecutionListener] due to a missing dependency. Specify custom listener classes or make the default listener classes and their required dependencies available. Offending class: [org/springframework/transaction/interceptor/TransactionAttributeSource]
18:02:15.980 [Test worker] DEBUG org.springframework.boot.test.context.SpringBootTestContextBootstrapper - Skipping candidate TestExecutionListener [org.springframework.test.context.jdbc.SqlScriptsTestExecutionListener] due to a missing dependency. Specify custom listener classes or make the default listener classes and their required dependencies available. Offending class: [org/springframework/transaction/interceptor/TransactionAttribute]
18:02:15.981 [Test worker] INFO org.springframework.boot.test.context.SpringBootTestContextBootstrapper - Using TestExecutionListeners: [org.springframework.test.context.web.ServletTestExecutionListener@5433c203, org.springframework.test.context.support.DirtiesContextBeforeModesTestExecutionListener@3cf69df5, org.springframework.test.context.event.ApplicationEventsTestExecutionListener@18ae5743, org.springframework.boot.test.mock.mockito.MockitoTestExecutionListener@36247d6a, org.springframework.boot.test.autoconfigure.SpringBootDependencyInjectionTestExecutionListener@7c4d9277, org.springframework.test.context.support.DirtiesContextTestExecutionListener@74dca13e, org.springframework.test.context.event.EventPublishingTestExecutionListener@1e22f4a9, org.springframework.boot.test.autoconfigure.restdocs.RestDocsTestExecutionListener@b78052a, org.springframework.boot.test.autoconfigure.web.client.MockRestServiceServerResetTestExecutionListener@1b36f018, org.springframework.boot.test.autoconfigure.web.servlet.MockMvcPrintOnlyOnFailureTestExecutionListener@a726711, org.springframework.boot.test.autoconfigure.web.servlet.WebDriverTestExecutionListener@37c5d4a, org.springframework.boot.test.autoconfigure.webservices.client.MockWebServiceServerTestExecutionListener@48e6495a, org.springframework.boot.test.mock.mockito.ResetMocksTestExecutionListener@647cc66e]
18:02:15.989 [Test worker] DEBUG org.springframework.test.context.support.AbstractDirtiesContextTestExecutionListener - Before test class: context [DefaultTestContext@42bfebef testClass = CiwithdockerApplicationTests, testInstance = [null], testMethod = [null], testException = [null], mergedContextConfiguration = [WebMergedContextConfiguration@d7d10eb testClass = CiwithdockerApplicationTests, locations = '{}', classes = '{class com.gs.ci.ciwithdocker.CiwithdockerApplication}', contextInitializerClasses = '[]', activeProfiles = '{}', propertySourceLocations = '{}', propertySourceProperties = '{org.springframework.boot.test.context.SpringBootTestContextBootstrapper=true}', contextCustomizers = set[org.springframework.boot.test.autoconfigure.actuate.metrics.MetricsExportContextCustomizerFactory$DisableMetricExportContextCustomizer@dbaa121, org.springframework.boot.test.autoconfigure.properties.PropertyMappingContextCustomizer@0, org.springframework.boot.test.autoconfigure.web.servlet.WebDriverContextCustomizerFactory$Customizer@5b325327, org.springframework.boot.test.context.filter.ExcludeFilterContextCustomizer@1d19a885, org.springframework.boot.test.json.DuplicateJsonObjectContextCustomizerFactory$DuplicateJsonObjectContextCustomizer@157176a5, org.springframework.boot.test.mock.mockito.MockitoContextCustomizer@0, org.springframework.boot.test.web.client.TestRestTemplateContextCustomizer@2e35cdd1, org.springframework.boot.test.context.SpringBootTestArgs@1, org.springframework.boot.test.context.SpringBootTestWebEnvironment@7df2b8b9], resourceBasePath = 'src/main/webapp', contextLoader = 'org.springframework.boot.test.context.SpringBootContextLoader', parent = [null]], attributes = map['org.springframework.test.context.web.ServletTestExecutionListener.activateListener' -> true]], class annotated with @DirtiesContext [false] with mode [null].
18:02:16.070 [Test worker] DEBUG org.springframework.test.context.support.TestPropertySourceUtils - Adding inlined properties to environment: {spring.jmx.enabled=false, org.springframework.boot.test.context.SpringBootTestContextBootstrapper=true}

  .   ____          _            __ _ _
 /\\ / ___'_ __ _ _(_)_ __  __ _ \ \ \ \
( ( )\___ | '_ | '_| | '_ \/ _` | \ \ \ \
 \\/  ___)| |_)| | | | | || (_| |  ) ) ) )
  '  |____| .__|_| |_|_| |_\__, | / / / /
 =========|_|==============|___/=/_/_/_/
 :: Spring Boot ::                (v2.5.0)

2021-06-10 18:02:16.656  INFO 13784 --- [    Test worker] c.g.c.c.CiwithdockerApplicationTests     : Starting CiwithdockerApplicationTests using Java 11.0.6 on DESKTOP-8SQDFC7 with PID 13784 (started by ht in C:\Users\ht\IdeaProjects\ciwithdocker)
2021-06-10 18:02:16.662  INFO 13784 --- [    Test worker] c.g.c.c.CiwithdockerApplicationTests     : No active profile set, falling back to default profiles: default
2021-06-10 18:02:20.306  INFO 13784 --- [    Test worker] c.g.c.c.CiwithdockerApplicationTests     : Started CiwithdockerApplicationTests in 4.218 seconds (JVM running for 9.079)
2021-06-10 18:02:20.309  INFO 13784 --- [    Test worker] o.s.b.a.ApplicationAvailabilityBean      : Application availability state LivenessState changed to CORRECT
2021-06-10 18:02:20.312  INFO 13784 --- [    Test worker] o.s.b.a.ApplicationAvailabilityBean      : Application availability state ReadinessState changed to ACCEPTING_TRAFFIC
]]></system-out>
  <system-err><![CDATA[]]></system-err>
</testsuite>
